{"/Users/adammokhtar/Documents/Projects/Housing/src/controller/houseController.js": {"path":"/Users/adammokhtar/Documents/Projects/Housing/src/controller/houseController.js","statementMap":{"0":{"start":{"line":1,"column":14},"end":{"line":1,"column":39}},"1":{"start":{"line":2,"column":17},"end":{"line":2,"column":45}},"2":{"start":{"line":7,"column":0},"end":{"line":14,"column":2}},"3":{"start":{"line":8,"column":2},"end":{"line":13,"column":3}},"4":{"start":{"line":9,"column":19},"end":{"line":9,"column":39}},"5":{"start":{"line":10,"column":4},"end":{"line":10,"column":33}},"6":{"start":{"line":12,"column":4},"end":{"line":12,"column":51}},"7":{"start":{"line":19,"column":0},"end":{"line":46,"column":2}},"8":{"start":{"line":21,"column":2},"end":{"line":24,"column":3}},"9":{"start":{"line":22,"column":4},"end":{"line":22,"column":66}},"10":{"start":{"line":23,"column":4},"end":{"line":23,"column":11}},"11":{"start":{"line":25,"column":2},"end":{"line":28,"column":3}},"12":{"start":{"line":26,"column":4},"end":{"line":26,"column":75}},"13":{"start":{"line":27,"column":4},"end":{"line":27,"column":11}},"14":{"start":{"line":31,"column":18},"end":{"line":31,"column":34}},"15":{"start":{"line":32,"column":2},"end":{"line":45,"column":3}},"16":{"start":{"line":33,"column":4},"end":{"line":33,"column":49}},"17":{"start":{"line":35,"column":18},"end":{"line":40,"column":6}},"18":{"start":{"line":41,"column":21},"end":{"line":41,"column":39}},"19":{"start":{"line":42,"column":4},"end":{"line":42,"column":35}},"20":{"start":{"line":44,"column":4},"end":{"line":44,"column":51}},"21":{"start":{"line":51,"column":0},"end":{"line":74,"column":2}},"22":{"start":{"line":53,"column":2},"end":{"line":56,"column":3}},"23":{"start":{"line":54,"column":4},"end":{"line":54,"column":64}},"24":{"start":{"line":55,"column":4},"end":{"line":55,"column":11}},"25":{"start":{"line":58,"column":21},"end":{"line":58,"column":40}},"26":{"start":{"line":61,"column":2},"end":{"line":64,"column":3}},"27":{"start":{"line":62,"column":4},"end":{"line":62,"column":69}},"28":{"start":{"line":63,"column":4},"end":{"line":63,"column":11}},"29":{"start":{"line":66,"column":2},"end":{"line":73,"column":3}},"30":{"start":{"line":67,"column":21},"end":{"line":67,"column":58}},"31":{"start":{"line":68,"column":4},"end":{"line":68,"column":39}},"32":{"start":{"line":69,"column":21},"end":{"line":69,"column":52}},"33":{"start":{"line":70,"column":4},"end":{"line":70,"column":35}},"34":{"start":{"line":72,"column":4},"end":{"line":72,"column":51}},"35":{"start":{"line":79,"column":0},"end":{"line":93,"column":2}},"36":{"start":{"line":81,"column":2},"end":{"line":83,"column":3}},"37":{"start":{"line":82,"column":4},"end":{"line":82,"column":64}},"38":{"start":{"line":84,"column":14},"end":{"line":84,"column":27}},"39":{"start":{"line":85,"column":2},"end":{"line":92,"column":3}},"40":{"start":{"line":86,"column":4},"end":{"line":86,"column":41}},"41":{"start":{"line":87,"column":4},"end":{"line":89,"column":70}},"42":{"start":{"line":91,"column":4},"end":{"line":91,"column":51}},"43":{"start":{"line":97,"column":0},"end":{"line":115,"column":2}},"44":{"start":{"line":99,"column":2},"end":{"line":102,"column":3}},"45":{"start":{"line":100,"column":4},"end":{"line":100,"column":64}},"46":{"start":{"line":101,"column":4},"end":{"line":101,"column":11}},"47":{"start":{"line":103,"column":21},"end":{"line":103,"column":40}},"48":{"start":{"line":104,"column":2},"end":{"line":114,"column":3}},"49":{"start":{"line":105,"column":26},"end":{"line":107,"column":6}},"50":{"start":{"line":106,"column":6},"end":{"line":106,"column":35}},"51":{"start":{"line":108,"column":4},"end":{"line":108,"column":49}},"52":{"start":{"line":109,"column":25},"end":{"line":109,"column":56}},"53":{"start":{"line":110,"column":4},"end":{"line":110,"column":39}},"54":{"start":{"line":113,"column":4},"end":{"line":113,"column":51}},"55":{"start":{"line":117,"column":0},"end":{"line":129,"column":2}},"56":{"start":{"line":119,"column":2},"end":{"line":126,"column":3}},"57":{"start":{"line":120,"column":4},"end":{"line":120,"column":50}},"58":{"start":{"line":121,"column":4},"end":{"line":123,"column":5}},"59":{"start":{"line":122,"column":6},"end":{"line":122,"column":68}},"60":{"start":{"line":125,"column":4},"end":{"line":125,"column":58}},"61":{"start":{"line":127,"column":2},"end":{"line":127,"column":20}},"62":{"start":{"line":128,"column":2},"end":{"line":128,"column":9}},"63":{"start":{"line":131,"column":0},"end":{"line":135,"column":2}},"64":{"start":{"line":132,"column":21},"end":{"line":132,"column":43}},"65":{"start":{"line":133,"column":22},"end":{"line":133,"column":40}},"66":{"start":{"line":134,"column":2},"end":{"line":134,"column":49}}},"fnMap":{"0":{"name":"(anonymous_0)","decl":{"start":{"line":7,"column":23},"end":{"line":7,"column":24}},"loc":{"start":{"line":7,"column":43},"end":{"line":14,"column":1}},"line":7},"1":{"name":"(anonymous_1)","decl":{"start":{"line":19,"column":20},"end":{"line":19,"column":21}},"loc":{"start":{"line":19,"column":40},"end":{"line":46,"column":1}},"line":19},"2":{"name":"(anonymous_2)","decl":{"start":{"line":51,"column":22},"end":{"line":51,"column":23}},"loc":{"start":{"line":51,"column":42},"end":{"line":74,"column":1}},"line":51},"3":{"name":"(anonymous_3)","decl":{"start":{"line":79,"column":22},"end":{"line":79,"column":23}},"loc":{"start":{"line":79,"column":42},"end":{"line":93,"column":1}},"line":79},"4":{"name":"(anonymous_4)","decl":{"start":{"line":97,"column":25},"end":{"line":97,"column":26}},"loc":{"start":{"line":97,"column":45},"end":{"line":115,"column":1}},"line":97},"5":{"name":"(anonymous_5)","decl":{"start":{"line":105,"column":56},"end":{"line":105,"column":57}},"loc":{"start":{"line":105,"column":65},"end":{"line":107,"column":5}},"line":105},"6":{"name":"(anonymous_6)","decl":{"start":{"line":117,"column":19},"end":{"line":117,"column":20}},"loc":{"start":{"line":117,"column":45},"end":{"line":129,"column":1}},"line":117},"7":{"name":"(anonymous_7)","decl":{"start":{"line":131,"column":41},"end":{"line":131,"column":42}},"loc":{"start":{"line":131,"column":52},"end":{"line":135,"column":1}},"line":131}},"branchMap":{"0":{"loc":{"start":{"line":21,"column":2},"end":{"line":24,"column":3}},"type":"if","locations":[{"start":{"line":21,"column":2},"end":{"line":24,"column":3}},{"start":{},"end":{}}],"line":21},"1":{"loc":{"start":{"line":25,"column":2},"end":{"line":28,"column":3}},"type":"if","locations":[{"start":{"line":25,"column":2},"end":{"line":28,"column":3}},{"start":{},"end":{}}],"line":25},"2":{"loc":{"start":{"line":53,"column":2},"end":{"line":56,"column":3}},"type":"if","locations":[{"start":{"line":53,"column":2},"end":{"line":56,"column":3}},{"start":{},"end":{}}],"line":53},"3":{"loc":{"start":{"line":61,"column":2},"end":{"line":64,"column":3}},"type":"if","locations":[{"start":{"line":61,"column":2},"end":{"line":64,"column":3}},{"start":{},"end":{}}],"line":61},"4":{"loc":{"start":{"line":81,"column":2},"end":{"line":83,"column":3}},"type":"if","locations":[{"start":{"line":81,"column":2},"end":{"line":83,"column":3}},{"start":{},"end":{}}],"line":81},"5":{"loc":{"start":{"line":99,"column":2},"end":{"line":102,"column":3}},"type":"if","locations":[{"start":{"line":99,"column":2},"end":{"line":102,"column":3}},{"start":{},"end":{}}],"line":99},"6":{"loc":{"start":{"line":121,"column":4},"end":{"line":123,"column":5}},"type":"if","locations":[{"start":{"line":121,"column":4},"end":{"line":123,"column":5}},{"start":{},"end":{}}],"line":121},"7":{"loc":{"start":{"line":134,"column":9},"end":{"line":134,"column":48}},"type":"cond-expr","locations":[{"start":{"line":134,"column":36},"end":{"line":134,"column":40}},{"start":{"line":134,"column":43},"end":{"line":134,"column":48}}],"line":134}},"s":{"0":2,"1":2,"2":2,"3":1,"4":1,"5":1,"6":0,"7":2,"8":2,"9":0,"10":0,"11":2,"12":1,"13":1,"14":1,"15":1,"16":1,"17":1,"18":1,"19":1,"20":0,"21":2,"22":0,"23":0,"24":0,"25":0,"26":0,"27":0,"28":0,"29":0,"30":0,"31":0,"32":0,"33":0,"34":0,"35":2,"36":0,"37":0,"38":0,"39":0,"40":0,"41":0,"42":0,"43":2,"44":0,"45":0,"46":0,"47":0,"48":0,"49":0,"50":0,"51":0,"52":0,"53":0,"54":0,"55":2,"56":0,"57":0,"58":0,"59":0,"60":0,"61":0,"62":0,"63":2,"64":2,"65":2,"66":2},"f":{"0":1,"1":2,"2":0,"3":0,"4":0,"5":0,"6":0,"7":2},"b":{"0":[0,2],"1":[1,1],"2":[0,0],"3":[0,0],"4":[0,0],"5":[0,0],"6":[0,0],"7":[1,1]},"_coverageSchema":"1a1c01bbd47fc00a2c39e90264f33305004495a9","hash":"566e43ee6c4f645163c32cfe2275ba8fc03418da"}
,"/Users/adammokhtar/Documents/Projects/Housing/src/controller/residentController.js": {"path":"/Users/adammokhtar/Documents/Projects/Housing/src/controller/residentController.js","statementMap":{"0":{"start":{"line":1,"column":17},"end":{"line":1,"column":45}},"1":{"start":{"line":3,"column":0},"end":{"line":10,"column":2}},"2":{"start":{"line":4,"column":2},"end":{"line":9,"column":3}},"3":{"start":{"line":5,"column":22},"end":{"line":5,"column":45}},"4":{"start":{"line":6,"column":4},"end":{"line":6,"column":36}},"5":{"start":{"line":8,"column":4},"end":{"line":8,"column":51}},"6":{"start":{"line":12,"column":0},"end":{"line":30,"column":2}},"7":{"start":{"line":14,"column":2},"end":{"line":17,"column":3}},"8":{"start":{"line":15,"column":4},"end":{"line":15,"column":66}},"9":{"start":{"line":16,"column":4},"end":{"line":16,"column":11}},"10":{"start":{"line":19,"column":19},"end":{"line":23,"column":4}},"11":{"start":{"line":24,"column":2},"end":{"line":29,"column":3}},"12":{"start":{"line":25,"column":24},"end":{"line":25,"column":45}},"13":{"start":{"line":26,"column":4},"end":{"line":26,"column":38}},"14":{"start":{"line":28,"column":4},"end":{"line":28,"column":51}},"15":{"start":{"line":32,"column":0},"end":{"line":47,"column":2}},"16":{"start":{"line":34,"column":2},"end":{"line":36,"column":3}},"17":{"start":{"line":35,"column":4},"end":{"line":35,"column":64}},"18":{"start":{"line":37,"column":14},"end":{"line":37,"column":27}},"19":{"start":{"line":39,"column":2},"end":{"line":46,"column":3}},"20":{"start":{"line":40,"column":4},"end":{"line":40,"column":44}},"21":{"start":{"line":41,"column":4},"end":{"line":43,"column":73}},"22":{"start":{"line":45,"column":4},"end":{"line":45,"column":51}}},"fnMap":{"0":{"name":"(anonymous_0)","decl":{"start":{"line":3,"column":26},"end":{"line":3,"column":27}},"loc":{"start":{"line":3,"column":46},"end":{"line":10,"column":1}},"line":3},"1":{"name":"(anonymous_1)","decl":{"start":{"line":12,"column":25},"end":{"line":12,"column":26}},"loc":{"start":{"line":12,"column":45},"end":{"line":30,"column":1}},"line":12},"2":{"name":"(anonymous_2)","decl":{"start":{"line":32,"column":25},"end":{"line":32,"column":26}},"loc":{"start":{"line":32,"column":45},"end":{"line":47,"column":1}},"line":32}},"branchMap":{"0":{"loc":{"start":{"line":14,"column":2},"end":{"line":17,"column":3}},"type":"if","locations":[{"start":{"line":14,"column":2},"end":{"line":17,"column":3}},{"start":{},"end":{}}],"line":14},"1":{"loc":{"start":{"line":34,"column":2},"end":{"line":36,"column":3}},"type":"if","locations":[{"start":{"line":34,"column":2},"end":{"line":36,"column":3}},{"start":{},"end":{}}],"line":34}},"s":{"0":1,"1":1,"2":0,"3":0,"4":0,"5":0,"6":1,"7":0,"8":0,"9":0,"10":0,"11":0,"12":0,"13":0,"14":0,"15":1,"16":0,"17":0,"18":0,"19":0,"20":0,"21":0,"22":0},"f":{"0":0,"1":0,"2":0},"b":{"0":[0,0],"1":[0,0]},"_coverageSchema":"1a1c01bbd47fc00a2c39e90264f33305004495a9","hash":"89b0902e70c04ebdd03b1851c232b073e58a95d7"}
,"/Users/adammokhtar/Documents/Projects/Housing/src/documentation/health.doc.js": {"path":"/Users/adammokhtar/Documents/Projects/Housing/src/documentation/health.doc.js","statementMap":{"0":{"start":{"line":1,"column":15},"end":{"line":5,"column":1}},"1":{"start":{"line":6,"column":18},"end":{"line":27,"column":1}},"2":{"start":{"line":29,"column":23},"end":{"line":33,"column":1}},"3":{"start":{"line":35,"column":0},"end":{"line":35,"column":32}}},"fnMap":{},"branchMap":{},"s":{"0":1,"1":1,"2":1,"3":1},"f":{},"b":{},"_coverageSchema":"1a1c01bbd47fc00a2c39e90264f33305004495a9","hash":"be3ff3f3bba7c61c2eee89acc1cbc673c29fe1a1"}
,"/Users/adammokhtar/Documents/Projects/Housing/src/documentation/house.doc.js": {"path":"/Users/adammokhtar/Documents/Projects/Housing/src/documentation/house.doc.js","statementMap":{"0":{"start":{"line":1,"column":17},"end":{"line":5,"column":1}},"1":{"start":{"line":7,"column":14},"end":{"line":12,"column":1}},"2":{"start":{"line":14,"column":21},"end":{"line":21,"column":1}},"3":{"start":{"line":23,"column":25},"end":{"line":29,"column":1}},"4":{"start":{"line":31,"column":18},"end":{"line":52,"column":1}},"5":{"start":{"line":54,"column":18},"end":{"line":93,"column":1}},"6":{"start":{"line":95,"column":20},"end":{"line":145,"column":1}},"7":{"start":{"line":147,"column":20},"end":{"line":179,"column":1}},"8":{"start":{"line":181,"column":23},"end":{"line":228,"column":1}},"9":{"start":{"line":230,"column":22},"end":{"line":244,"column":1}},"10":{"start":{"line":246,"column":0},"end":{"line":246,"column":31}}},"fnMap":{},"branchMap":{},"s":{"0":1,"1":1,"2":1,"3":1,"4":1,"5":1,"6":1,"7":1,"8":1,"9":1,"10":1},"f":{},"b":{},"_coverageSchema":"1a1c01bbd47fc00a2c39e90264f33305004495a9","hash":"646134e0ee40245252d689e90531e9708ea6adbd"}
,"/Users/adammokhtar/Documents/Projects/Housing/src/documentation/resident.doc.js": {"path":"/Users/adammokhtar/Documents/Projects/Housing/src/documentation/resident.doc.js","statementMap":{"0":{"start":{"line":1,"column":17},"end":{"line":5,"column":1}},"1":{"start":{"line":7,"column":23},"end":{"line":13,"column":1}},"2":{"start":{"line":14,"column":21},"end":{"line":35,"column":1}},"3":{"start":{"line":37,"column":21},"end":{"line":73,"column":1}},"4":{"start":{"line":75,"column":23},"end":{"line":108,"column":1}},"5":{"start":{"line":110,"column":25},"end":{"line":118,"column":1}},"6":{"start":{"line":120,"column":0},"end":{"line":120,"column":34}}},"fnMap":{},"branchMap":{},"s":{"0":1,"1":1,"2":1,"3":1,"4":1,"5":1,"6":1},"f":{},"b":{},"_coverageSchema":"1a1c01bbd47fc00a2c39e90264f33305004495a9","hash":"29ec641878750439efb54fa78ab2a196f5f956d8"}
,"/Users/adammokhtar/Documents/Projects/Housing/src/documentation/swagger.js": {"path":"/Users/adammokhtar/Documents/Projects/Housing/src/documentation/swagger.js","statementMap":{"0":{"start":{"line":1,"column":22},"end":{"line":1,"column":44}},"1":{"start":{"line":2,"column":25},"end":{"line":2,"column":50}},"2":{"start":{"line":3,"column":23},"end":{"line":3,"column":46}},"3":{"start":{"line":5,"column":29},"end":{"line":39,"column":1}},"4":{"start":{"line":41,"column":0},"end":{"line":41,"column":38}}},"fnMap":{},"branchMap":{},"s":{"0":1,"1":1,"2":1,"3":1,"4":1},"f":{},"b":{},"_coverageSchema":"1a1c01bbd47fc00a2c39e90264f33305004495a9","hash":"54ddbbaae041660341d8a59235b415954c5ea249"}
,"/Users/adammokhtar/Documents/Projects/Housing/src/model/house.js": {"path":"/Users/adammokhtar/Documents/Projects/Housing/src/model/house.js","statementMap":{"0":{"start":{"line":1,"column":17},"end":{"line":1,"column":36}},"1":{"start":{"line":2,"column":15},"end":{"line":2,"column":30}},"2":{"start":{"line":4,"column":18},"end":{"line":26,"column":2}},"3":{"start":{"line":28,"column":16},"end":{"line":28,"column":52}},"4":{"start":{"line":29,"column":0},"end":{"line":29,"column":25}}},"fnMap":{},"branchMap":{},"s":{"0":2,"1":2,"2":2,"3":2,"4":2},"f":{},"b":{},"_coverageSchema":"1a1c01bbd47fc00a2c39e90264f33305004495a9","hash":"83f15f08ca002a58e2c47a894e334a580712933c"}
,"/Users/adammokhtar/Documents/Projects/Housing/src/model/resident.js": {"path":"/Users/adammokhtar/Documents/Projects/Housing/src/model/resident.js","statementMap":{"0":{"start":{"line":1,"column":17},"end":{"line":1,"column":36}},"1":{"start":{"line":3,"column":21},"end":{"line":18,"column":2}},"2":{"start":{"line":19,"column":19},"end":{"line":19,"column":61}},"3":{"start":{"line":20,"column":0},"end":{"line":20,"column":28}}},"fnMap":{},"branchMap":{},"s":{"0":2,"1":2,"2":2,"3":2},"f":{},"b":{},"_coverageSchema":"1a1c01bbd47fc00a2c39e90264f33305004495a9","hash":"550655ed7f62f85257bba3cda4b7eeab8d61a57c"}
,"/Users/adammokhtar/Documents/Projects/Housing/src/routes/health.js": {"path":"/Users/adammokhtar/Documents/Projects/Housing/src/routes/health.js","statementMap":{"0":{"start":{"line":1,"column":16},"end":{"line":1,"column":34}},"1":{"start":{"line":2,"column":15},"end":{"line":2,"column":31}},"2":{"start":{"line":4,"column":0},"end":{"line":16,"column":3}},"3":{"start":{"line":5,"column":22},"end":{"line":9,"column":3}},"4":{"start":{"line":10,"column":2},"end":{"line":15,"column":3}},"5":{"start":{"line":11,"column":4},"end":{"line":11,"column":38}},"6":{"start":{"line":13,"column":4},"end":{"line":13,"column":32}},"7":{"start":{"line":14,"column":4},"end":{"line":14,"column":27}},"8":{"start":{"line":17,"column":0},"end":{"line":17,"column":24}}},"fnMap":{"0":{"name":"(anonymous_0)","decl":{"start":{"line":4,"column":16},"end":{"line":4,"column":17}},"loc":{"start":{"line":4,"column":42},"end":{"line":16,"column":1}},"line":4}},"branchMap":{},"s":{"0":1,"1":1,"2":1,"3":0,"4":0,"5":0,"6":0,"7":0,"8":1},"f":{"0":0},"b":{},"_coverageSchema":"1a1c01bbd47fc00a2c39e90264f33305004495a9","hash":"92a8776907dfef70072b8eda121625c5ffd6fe27"}
,"/Users/adammokhtar/Documents/Projects/Housing/src/routes/houseRoute.js": {"path":"/Users/adammokhtar/Documents/Projects/Housing/src/routes/houseRoute.js","statementMap":{"0":{"start":{"line":1,"column":16},"end":{"line":1,"column":34}},"1":{"start":{"line":2,"column":15},"end":{"line":2,"column":31}},"2":{"start":{"line":3,"column":24},"end":{"line":3,"column":64}},"3":{"start":{"line":9,"column":0},"end":{"line":9,"column":46}},"4":{"start":{"line":14,"column":0},"end":{"line":14,"column":44}},"5":{"start":{"line":20,"column":0},"end":{"line":24,"column":2}},"6":{"start":{"line":31,"column":0},"end":{"line":35,"column":2}},"7":{"start":{"line":41,"column":0},"end":{"line":41,"column":51}},"8":{"start":{"line":42,"column":0},"end":{"line":42,"column":24}}},"fnMap":{},"branchMap":{},"s":{"0":1,"1":1,"2":1,"3":1,"4":1,"5":1,"6":1,"7":1,"8":1},"f":{},"b":{},"_coverageSchema":"1a1c01bbd47fc00a2c39e90264f33305004495a9","hash":"7b570bbe55a9145c4f9924acc5f7d562afead96a"}
,"/Users/adammokhtar/Documents/Projects/Housing/src/routes/residentRoute.js": {"path":"/Users/adammokhtar/Documents/Projects/Housing/src/routes/residentRoute.js","statementMap":{"0":{"start":{"line":1,"column":16},"end":{"line":1,"column":34}},"1":{"start":{"line":2,"column":15},"end":{"line":2,"column":31}},"2":{"start":{"line":3,"column":27},"end":{"line":3,"column":70}},"3":{"start":{"line":9,"column":0},"end":{"line":9,"column":52}},"4":{"start":{"line":14,"column":0},"end":{"line":14,"column":52}},"5":{"start":{"line":19,"column":0},"end":{"line":19,"column":57}},"6":{"start":{"line":21,"column":0},"end":{"line":21,"column":24}}},"fnMap":{},"branchMap":{},"s":{"0":1,"1":1,"2":1,"3":1,"4":1,"5":1,"6":1},"f":{},"b":{},"_coverageSchema":"1a1c01bbd47fc00a2c39e90264f33305004495a9","hash":"25055a98cc3897a130baf016f29823d98b5ab3b0"}
,"/Users/adammokhtar/Documents/Projects/Housing/src/server/app.js": {"path":"/Users/adammokhtar/Documents/Projects/Housing/src/server/app.js","statementMap":{"0":{"start":{"line":1,"column":16},"end":{"line":1,"column":34}},"1":{"start":{"line":2,"column":20},"end":{"line":2,"column":42}},"2":{"start":{"line":3,"column":15},"end":{"line":3,"column":32}},"3":{"start":{"line":4,"column":20},"end":{"line":4,"column":51}},"4":{"start":{"line":5,"column":23},"end":{"line":5,"column":57}},"5":{"start":{"line":6,"column":19},"end":{"line":6,"column":48}},"6":{"start":{"line":7,"column":29},"end":{"line":7,"column":64}},"7":{"start":{"line":8,"column":20},"end":{"line":8,"column":47}},"8":{"start":{"line":9,"column":12},"end":{"line":9,"column":21}},"9":{"start":{"line":12,"column":0},"end":{"line":12,"column":23}},"10":{"start":{"line":13,"column":0},"end":{"line":13,"column":28}},"11":{"start":{"line":14,"column":0},"end":{"line":14,"column":48}},"12":{"start":{"line":15,"column":0},"end":{"line":15,"column":24}},"13":{"start":{"line":16,"column":0},"end":{"line":16,"column":31}},"14":{"start":{"line":17,"column":0},"end":{"line":17,"column":37}},"15":{"start":{"line":18,"column":0},"end":{"line":18,"column":37}},"16":{"start":{"line":20,"column":0},"end":{"line":20,"column":38}},"17":{"start":{"line":21,"column":0},"end":{"line":21,"column":60}},"18":{"start":{"line":23,"column":0},"end":{"line":23,"column":21}}},"fnMap":{},"branchMap":{},"s":{"0":1,"1":1,"2":1,"3":1,"4":1,"5":1,"6":1,"7":1,"8":1,"9":1,"10":1,"11":1,"12":1,"13":1,"14":1,"15":1,"16":1,"17":1,"18":1},"f":{},"b":{},"_coverageSchema":"1a1c01bbd47fc00a2c39e90264f33305004495a9","hash":"cda02f1196daa9fe00613570d64f6f86cdcbedd6"}
,"/Users/adammokhtar/Documents/Projects/Housing/src/server/db.js": {"path":"/Users/adammokhtar/Documents/Projects/Housing/src/server/db.js","statementMap":{"0":{"start":{"line":1,"column":17},"end":{"line":1,"column":36}},"1":{"start":{"line":3,"column":14},"end":{"line":5,"column":1}},"2":{"start":{"line":7,"column":0},"end":{"line":19,"column":2}},"3":{"start":{"line":8,"column":2},"end":{"line":18,"column":3}},"4":{"start":{"line":9,"column":4},"end":{"line":11,"column":5}},"5":{"start":{"line":10,"column":6},"end":{"line":10,"column":13}},"6":{"start":{"line":12,"column":4},"end":{"line":12,"column":53}},"7":{"start":{"line":13,"column":4},"end":{"line":13,"column":35}},"8":{"start":{"line":14,"column":4},"end":{"line":14,"column":58}},"9":{"start":{"line":14,"column":36},"end":{"line":14,"column":56}},"10":{"start":{"line":15,"column":4},"end":{"line":15,"column":70}},"11":{"start":{"line":15,"column":32},"end":{"line":15,"column":68}},"12":{"start":{"line":17,"column":4},"end":{"line":17,"column":23}},"13":{"start":{"line":20,"column":0},"end":{"line":22,"column":2}},"14":{"start":{"line":21,"column":2},"end":{"line":21,"column":18}},"15":{"start":{"line":24,"column":0},"end":{"line":27,"column":2}},"16":{"start":{"line":25,"column":2},"end":{"line":25,"column":30}},"17":{"start":{"line":26,"column":2},"end":{"line":26,"column":44}}},"fnMap":{"0":{"name":"(anonymous_0)","decl":{"start":{"line":7,"column":18},"end":{"line":7,"column":19}},"loc":{"start":{"line":7,"column":33},"end":{"line":19,"column":1}},"line":7},"1":{"name":"(anonymous_1)","decl":{"start":{"line":14,"column":25},"end":{"line":14,"column":26}},"loc":{"start":{"line":14,"column":36},"end":{"line":14,"column":56}},"line":14},"2":{"name":"(anonymous_2)","decl":{"start":{"line":15,"column":26},"end":{"line":15,"column":27}},"loc":{"start":{"line":15,"column":32},"end":{"line":15,"column":68}},"line":15},"3":{"name":"(anonymous_3)","decl":{"start":{"line":20,"column":14},"end":{"line":20,"column":15}},"loc":{"start":{"line":20,"column":20},"end":{"line":22,"column":1}},"line":20},"4":{"name":"(anonymous_4)","decl":{"start":{"line":24,"column":21},"end":{"line":24,"column":22}},"loc":{"start":{"line":24,"column":33},"end":{"line":27,"column":1}},"line":24}},"branchMap":{"0":{"loc":{"start":{"line":9,"column":4},"end":{"line":11,"column":5}},"type":"if","locations":[{"start":{"line":9,"column":4},"end":{"line":11,"column":5}},{"start":{},"end":{}}],"line":9}},"s":{"0":1,"1":1,"2":1,"3":1,"4":1,"5":0,"6":1,"7":1,"8":1,"9":0,"10":1,"11":1,"12":0,"13":1,"14":0,"15":1,"16":1,"17":1},"f":{"0":1,"1":0,"2":1,"3":0,"4":1},"b":{"0":[0,1]},"_coverageSchema":"1a1c01bbd47fc00a2c39e90264f33305004495a9","hash":"9f157ec667c1a09bc71dc16d8316de446c37b682"}
,"/Users/adammokhtar/Documents/Projects/Housing/src/test/mongoTestConnect.js": {"path":"/Users/adammokhtar/Documents/Projects/Housing/src/test/mongoTestConnect.js","statementMap":{"0":{"start":{"line":1,"column":32},"end":{"line":1,"column":55}},"1":{"start":{"line":2,"column":13},"end":{"line":2,"column":28}},"2":{"start":{"line":3,"column":15},"end":{"line":3,"column":32}},"3":{"start":{"line":6,"column":0},"end":{"line":6,"column":73}},"4":{"start":{"line":8,"column":0},"end":{"line":10,"column":2}},"5":{"start":{"line":9,"column":2},"end":{"line":9,"column":33}},"6":{"start":{"line":12,"column":0},"end":{"line":14,"column":2}},"7":{"start":{"line":13,"column":2},"end":{"line":13,"column":15}}},"fnMap":{"0":{"name":"(anonymous_0)","decl":{"start":{"line":8,"column":22},"end":{"line":8,"column":23}},"loc":{"start":{"line":8,"column":34},"end":{"line":10,"column":1}},"line":8},"1":{"name":"(anonymous_1)","decl":{"start":{"line":12,"column":25},"end":{"line":12,"column":26}},"loc":{"start":{"line":12,"column":37},"end":{"line":14,"column":1}},"line":12}},"branchMap":{},"s":{"0":1,"1":1,"2":1,"3":1,"4":1,"5":1,"6":1,"7":1},"f":{"0":1,"1":1},"b":{},"_coverageSchema":"1a1c01bbd47fc00a2c39e90264f33305004495a9","hash":"61b503e1fec3a52ce83104152578d3179a21bb6f"}
}
